-------------------------------------------------------------------------------
Test set: ch.tbz.recipe.planner.controller.RecipeControllerTest
-------------------------------------------------------------------------------
Tests run: 3, Failures: 0, Errors: 0, Skipped: 0, Time elapsed: 1.609 s -- in ch.tbz.recipe.planner.controller.RecipeControllerTest
ch.tbz.recipe.planner.controller.RecipeControllerTest.testAddRecipe -- Time elapsed: 1.561 s
ch.tbz.recipe.planner.controller.RecipeControllerTest.testGetRecipes -- Time elapsed: 0.032 s
ch.tbz.recipe.planner.controller.RecipeControllerTest.testGetRecipe -- Time elapsed: 0 s
